TN:
SF:src/index.ts
FN:34,IdManage
FN:42,create
FN:98,remove
FN:109,getCache
FN:115,show
FN:121,deep
FNF:6
FNH:6
FNDA:5,IdManage
FNDA:21,create
FNDA:2,remove
FNDA:21,getCache
FNDA:1,show
FNDA:3,deep
DA:1,1
DA:2,1
DA:3,1
DA:4,1
DA:5,1
DA:6,1
DA:7,1
DA:8,1
DA:9,1
DA:10,1
DA:11,1
DA:12,1
DA:13,1
DA:14,1
DA:15,1
DA:16,1
DA:17,1
DA:18,1
DA:19,1
DA:20,1
DA:21,1
DA:22,1
DA:23,1
DA:24,1
DA:25,1
DA:26,1
DA:27,1
DA:28,1
DA:29,1
DA:30,1
DA:31,1
DA:32,1
DA:33,1
DA:34,1
DA:35,5
DA:36,5
DA:37,5
DA:38,5
DA:39,5
DA:40,1
DA:41,1
DA:42,1
DA:43,21
DA:44,21
DA:45,21
DA:46,2
DA:47,2
DA:48,2
DA:49,2
DA:50,19
DA:51,19
DA:52,19
DA:53,21
DA:54,6
DA:55,6
DA:56,6
DA:57,6
DA:58,1
DA:59,1
DA:60,5
DA:61,6
DA:62,6
DA:63,6
DA:64,6
DA:65,6
DA:66,6
DA:67,6
DA:68,6
DA:69,6
DA:70,6
DA:71,6
DA:72,21
DA:73,13
DA:74,13
DA:75,13
DA:76,13
DA:77,13
DA:78,13
DA:79,13
DA:80,13
DA:81,13
DA:82,13
DA:83,18
DA:84,18
DA:85,18
DA:86,18
DA:87,18
DA:88,18
DA:89,18
DA:90,18
DA:91,18
DA:92,18
DA:93,18
DA:94,18
DA:95,18
DA:96,1
DA:97,1
DA:98,1
DA:99,2
DA:100,2
DA:101,2
DA:102,2
DA:103,2
DA:104,2
DA:105,2
DA:106,2
DA:107,1
DA:108,1
DA:109,1
DA:110,21
DA:111,21
DA:112,1
DA:113,1
DA:114,1
DA:115,1
DA:116,1
DA:117,1
DA:118,1
DA:119,1
DA:120,1
DA:121,1
DA:122,3
DA:123,6
DA:124,6
DA:125,6
DA:126,6
DA:127,6
DA:128,6
DA:129,2
DA:130,2
DA:131,2
DA:132,2
DA:133,2
DA:134,3
DA:135,3
DA:136,1
DA:137,1
DA:138,1
DA:139,1
DA:140,1
DA:141,1
DA:142,1
DA:143,1
DA:144,1
LF:144
LH:144
BRDA:6,0,0,1
BRDA:34,1,0,5
BRDA:42,2,0,21
BRDA:45,3,0,2
BRDA:50,4,0,19
BRDA:53,5,0,6
BRDA:57,6,0,1
BRDA:60,7,0,5
BRDA:61,8,0,3
BRDA:66,9,0,2
BRDA:67,10,0,3
BRDA:72,11,0,13
BRDA:79,12,0,8
BRDA:79,13,0,5
BRDA:83,14,0,18
BRDA:56,15,0,10
BRDA:75,16,0,12
BRDA:98,17,0,2
BRDA:100,18,0,2
BRDA:109,19,0,21
BRDA:110,20,0,34
BRDA:110,21,0,2
BRDA:115,22,0,1
BRDA:118,23,0,6
BRDA:118,24,0,3
BRDA:121,25,0,3
BRDA:122,26,0,6
BRDA:126,27,0,2
BRDA:126,28,0,4
BRDA:128,29,0,2
BRDA:130,30,0,12
BRDA:130,31,0,3
BRF:32
BRH:32
end_of_record
